0 info it worked if it ends with ok
1 verbose cli [ 'node',
1 verbose cli   '/usr/local/bin/npm',
1 verbose cli   'install',
1 verbose cli   '--save',
1 verbose cli   'docpad-plugin-ejs' ]
2 info using npm@1.3.14
3 info using node@v0.10.12
4 verbose readDependencies using package.json deps
5 verbose cache add [ 'docpad-plugin-ejs', null ]
6 verbose cache add name=undefined spec="docpad-plugin-ejs" args=["docpad-plugin-ejs",null]
7 verbose parsed url { protocol: null,
7 verbose parsed url   slashes: null,
7 verbose parsed url   auth: null,
7 verbose parsed url   host: null,
7 verbose parsed url   port: null,
7 verbose parsed url   hostname: null,
7 verbose parsed url   hash: null,
7 verbose parsed url   search: null,
7 verbose parsed url   query: null,
7 verbose parsed url   pathname: 'docpad-plugin-ejs',
7 verbose parsed url   path: 'docpad-plugin-ejs',
7 verbose parsed url   href: 'docpad-plugin-ejs' }
8 silly lockFile e1183ca1-docpad-plugin-ejs docpad-plugin-ejs
9 verbose lock docpad-plugin-ejs /root/.npm/e1183ca1-docpad-plugin-ejs.lock
10 silly lockFile e1183ca1-docpad-plugin-ejs docpad-plugin-ejs
11 silly lockFile e1183ca1-docpad-plugin-ejs docpad-plugin-ejs
12 verbose addNamed [ 'docpad-plugin-ejs', '' ]
13 verbose addNamed [ null, '*' ]
14 silly lockFile 1f5a2091-docpad-plugin-ejs docpad-plugin-ejs@
15 verbose lock docpad-plugin-ejs@ /root/.npm/1f5a2091-docpad-plugin-ejs.lock
16 silly addNameRange { name: 'docpad-plugin-ejs', range: '*', hasData: false }
17 verbose url raw docpad-plugin-ejs
18 verbose url resolving [ 'https://registry.npmjs.org/', './docpad-plugin-ejs' ]
19 verbose url resolved https://registry.npmjs.org/docpad-plugin-ejs
20 info trying registry request attempt 1 at 11:52:56
21 http GET https://registry.npmjs.org/docpad-plugin-ejs
22 http 404 https://registry.npmjs.org/docpad-plugin-ejs
23 silly registry.get cb [ 404,
23 silly registry.get   { server: 'CouchDB/1.5.0 (Erlang OTP/R15B03)',
23 silly registry.get     date: 'Mon, 18 Nov 2013 09:53:01 GMT',
23 silly registry.get     'content-type': 'application/json',
23 silly registry.get     'content-length': '52',
23 silly registry.get     'cache-control': 'must-revalidate' } ]
24 silly lockFile 1f5a2091-docpad-plugin-ejs docpad-plugin-ejs@
25 silly lockFile 1f5a2091-docpad-plugin-ejs docpad-plugin-ejs@
26 error 404 'docpad-plugin-ejs' is not in the npm registry.
26 error 404 You should bug the author to publish it
26 error 404
26 error 404 Note that you can also install from a
26 error 404 tarball, folder, or http url, or git url.
27 error System Linux 3.11.0-13-generic
28 error command "node" "/usr/local/bin/npm" "install" "--save" "docpad-plugin-ejs"
29 error cwd /home/robert/tikal-docpad
30 error node -v v0.10.12
31 error npm -v 1.3.14
32 error code E404
33 verbose exit [ 1, true ]
